<?xml version="1.0" encoding="UTF-8" ?>
<testsuites errors="0"
            failures="1"
            tests="1">

  <testsuite name="tests"
    errors="0" failures="1" hostname="" id="" package="tests" skipped="0"
    tests="1" time="70.55" timestamp="">
  
    <testcase name="Do the radial buttons concurr with the created match?" classname="tests" time="70.55" assertions="29">

    

    

    

    

    

    

    

    

    

    

    

    

    

    

    

    

    

    

    

    

    

    

    

    

    

    

    

      <failure message="Timed out while waiting for element &lt;//h5&gt; to be present for 25000 milliseconds. - expected [0;32m&#34;visible&#34;[0m but got: [0;31m&#34;not found&#34;[0m">    at setPlayers (C:\Users\jmfor\Desktop\DevMtn_QA\Live Pickleball\testAssets\matchFun.js:92:14)
    at module.exports (C:\Users\jmfor\Desktop\DevMtn_QA\Live Pickleball\testAssets\matchFun.js:16:5)
    at Object.Do the radial buttons concurr with the created match? (C:\Users\jmfor\Desktop\DevMtn_QA\Live Pickleball\tests\tests.js:23:9)</failure>

    <failure message="    at setPlayers (C:\Users\jmfor\Desktop\DevMtn_QA\Live Pickleball\testAssets\matchFun.js:92:14)">    at module.exports (C:\Users\jmfor\Desktop\DevMtn_QA\Live Pickleball\testAssets\matchFun.js:16:5)
    at Object.Do the radial buttons concurr with the created match? (C:\Users\jmfor\Desktop\DevMtn_QA\Live Pickleball\tests\tests.js:23:9)</failure>
    </testcase>
  

  

  
  </testsuite>
</testsuites>
